0 verbose cli /usr/local/bin/node /usr/local/bin/npm
1 info using npm@11.2.0
2 info using node@v22.14.0
3 silly config load:file:/usr/local/lib/node_modules/npm/npmrc
4 silly config load:file:/Users/joelaposaga/ahm-app/ahm-app-frontend/.npmrc
5 silly config load:file:/Users/joelaposaga/.npmrc
6 silly config load:file:/usr/local/etc/npmrc
7 verbose title npm install axios
8 verbose argv "install" "axios" "--cache" ".npm-cache"
9 verbose logfile logs-max:10 dir:/Users/joelaposaga/ahm-app/ahm-app-frontend/.npm-cache/_logs/2026-03-07T20_42_44_236Z-
10 verbose logfile /Users/joelaposaga/ahm-app/ahm-app-frontend/.npm-cache/_logs/2026-03-07T20_42_44_236Z-debug-0.log
11 silly logfile done cleaning log files
12 silly packumentCache heap:4345298944 maxSize:1086324736 maxEntrySize:543162368
13 silly idealTree buildDeps
14 silly fetch manifest axios@^1.13.6
15 silly packumentCache full:https://registry.npmjs.org/axios cache-miss
16 http fetch GET 200 https://registry.npmjs.org/axios 116ms (cache miss)
17 silly packumentCache full:https://registry.npmjs.org/axios set size:undefined disposed:false
18 silly placeDep ROOT axios@1.13.6 REPLACE for: next-app-template@0.0.1 want: ^1.13.6
19 silly reify moves {}
20 verbose reify failed optional dependency /Users/joelaposaga/ahm-app/ahm-app-frontend/node_modules/@tailwindcss/oxide-wasm32-wasi
21 silly reify mark deleted [
21 silly reify   '/Users/joelaposaga/ahm-app/ahm-app-frontend/node_modules/@tailwindcss/oxide-wasm32-wasi'
21 silly reify ]
22 silly audit bulk request {
22 silly audit   '@alloc/quick-lru': [ '5.2.0' ],
22 silly audit   '@ampproject/remapping': [ '2.3.0' ],
22 silly audit   '@babel/runtime': [ '7.28.6' ],
22 silly audit   '@emnapi/core': [ '1.8.1' ],
22 silly audit   '@emnapi/runtime': [ '1.8.1' ],
22 silly audit   '@emnapi/wasi-threads': [ '1.1.0' ],
22 silly audit   '@eslint-community/eslint-utils': [ '4.9.1' ],
22 silly audit   '@eslint-community/regexpp': [ '4.12.2' ],
22 silly audit   '@eslint/compat': [ '2.0.3' ],
22 silly audit   '@eslint/core': [ '1.1.1', '0.13.0' ],
22 silly audit   '@eslint/config-array': [ '0.20.1' ],
22 silly audit   'brace-expansion': [ '1.1.12', '2.0.2' ],
22 silly audit   minimatch: [ '3.1.5', '9.0.9' ],
22 silly audit   '@eslint/config-helpers': [ '0.2.3' ],
22 silly audit   '@eslint/eslintrc': [ '3.3.4' ],
22 silly audit   globals: [ '14.0.0', '16.0.0' ],
22 silly audit   ignore: [ '5.3.2', '7.0.5' ],
22 silly audit   '@eslint/js': [ '9.25.1' ],
22 silly audit   '@eslint/object-schema': [ '2.1.7' ],
22 silly audit   '@eslint/plugin-kit': [ '0.2.8' ],
22 silly audit   '@formatjs/ecma402-abstract': [ '2.3.4' ],
22 silly audit   '@formatjs/fast-memoize': [ '2.2.7' ],
22 silly audit   '@formatjs/icu-messageformat-parser': [ '2.11.2' ],
22 silly audit   '@formatjs/icu-skeleton-parser': [ '1.8.14' ],
22 silly audit   '@formatjs/intl-localematcher': [ '0.6.1' ],
22 silly audit   '@heroui/accordion': [ '2.2.28' ],
22 silly audit   '@heroui/alert': [ '2.2.31' ],
22 silly audit   '@heroui/aria-utils': [ '2.2.28' ],
22 silly audit   '@heroui/autocomplete': [ '2.3.33' ],
22 silly audit   '@heroui/avatar': [ '2.2.25' ],
22 silly audit   '@react-aria/focus': [ '3.21.3', '3.21.5', '3.21.4' ],
22 silly audit   '@react-aria/interactions': [ '3.26.0', '3.27.1', '3.27.0' ],
22 silly audit   '@heroui/badge': [ '2.2.18' ],
22 silly audit   '@heroui/button': [ '2.2.31' ],
22 silly audit   '@heroui/card': [ '2.2.27' ],
22 silly audit   '@react-types/shared': [ '3.32.1', '3.33.1', '3.33.0' ],
22 silly audit   '@heroui/checkbox': [ '2.3.31' ],
22 silly audit   '@heroui/chip': [ '2.2.24' ],
22 silly audit   '@heroui/code': [ '2.2.24' ],
22 silly audit   '@heroui/divider': [ '2.2.23' ],
22 silly audit   '@heroui/dom-animation': [ '2.1.10' ],
22 silly audit   '@heroui/drawer': [ '2.2.28' ],
22 silly audit   '@heroui/dropdown': [ '2.3.31' ],
22 silly audit   '@heroui/form': [ '2.1.31' ],
22 silly audit   '@heroui/framer-utils': [ '2.1.27' ],
22 silly audit   '@heroui/image': [ '2.2.19' ],
22 silly audit   '@heroui/input': [ '2.4.32' ],
22 silly audit   '@heroui/kbd': [ '2.2.25' ],
22 silly audit   '@heroui/link': [ '2.2.25' ],
22 silly audit   '@heroui/listbox': [ '2.3.30' ],
22 silly audit   '@heroui/menu': [ '2.2.30' ],
22 silly audit   '@heroui/modal': [ '2.2.28' ],
22 silly audit   '@heroui/navbar': [ '2.2.29' ],
22 silly audit   '@heroui/pagination': [ '2.2.26' ],
22 silly audit   '@react-aria/i18n': [ '3.12.14', '3.12.16', '3.12.15' ],
22 silly audit   '@react-aria/utils': [ '3.32.0', '3.33.1', '3.33.0' ],
22 silly audit   '@heroui/popover': [ '2.3.31' ],
22 silly audit   '@heroui/progress': [ '2.2.24' ],
22 silly audit   '@heroui/radio': [ '2.3.31' ],
22 silly audit   '@heroui/react-rsc-utils': [ '2.1.9' ],
22 silly audit   '@heroui/react-utils': [ '2.1.14' ],
22 silly audit   '@heroui/ripple': [ '2.2.21' ],
22 silly audit   '@heroui/scroll-shadow': [ '2.3.19' ],
22 silly audit   '@heroui/select': [ '2.4.32' ],
22 silly audit   '@heroui/shared-icons': [ '2.1.10' ],
22 silly audit   '@heroui/shared-utils': [ '2.1.12' ],
22 silly audit   '@heroui/skeleton': [ '2.2.18' ],
22 silly audit   '@heroui/snippet': [ '2.2.32' ],
22 silly audit   '@heroui/spacer': [ '2.2.24' ],
22 silly audit   '@heroui/spinner': [ '2.2.28' ],
22 silly audit   '@heroui/switch': [ '2.2.26' ],
22 silly audit   '@react-aria/visually-hidden': [ '3.8.29', '3.8.30' ],
22 silly audit   '@react-stately/toggle': [ '3.9.3', '3.9.5', '3.9.4' ],
22 silly audit   '@heroui/system': [ '2.4.27' ],
22 silly audit   '@heroui/system-rsc': [ '2.3.23' ],
22 silly audit   '@heroui/table': [ '2.2.31' ],
22 silly audit   '@heroui/tabs': [ '2.2.28' ],
22 silly audit   '@heroui/theme': [ '2.4.26' ],
22 silly audit   '@heroui/toast': [ '2.0.21' ],
22 silly audit   '@heroui/tooltip': [ '2.2.28' ],
22 silly audit   '@heroui/use-aria-accordion': [ '2.2.19' ],
22 silly audit   '@react-aria/button': [ '3.14.3', '3.14.4' ],
22 silly audit   '@react-aria/toolbar': [ '3.0.0-beta.22', '3.0.0-beta.23' ],
22 silly audit   '@react-stately/tree': [ '3.9.4', '3.9.5' ],
22 silly audit   '@heroui/use-aria-button': [ '2.2.21' ],
22 silly audit   '@heroui/use-aria-link': [ '2.2.22' ],
22 silly audit   '@heroui/use-aria-modal-overlay': [ '2.2.20' ],
22 silly audit   '@react-aria/overlays': [ '3.31.0', '3.31.1' ],
22 silly audit   '@react-stately/overlays': [ '3.6.21', '3.6.22' ],
22 silly audit   '@heroui/use-aria-multiselect': [ '2.4.20' ],
22 silly audit   '@react-aria/listbox': [ '3.15.1', '3.15.2' ],
22 silly audit   '@react-aria/menu': [ '3.19.4', '3.20.0' ],
22 silly audit   '@react-stately/form': [ '3.2.2', '3.2.3' ],
22 silly audit   '@react-stately/list': [ '3.13.2', '3.13.3' ],
22 silly audit   '@react-stately/menu': [ '3.9.9', '3.9.10' ],
22 silly audit   '@react-types/overlays': [ '3.9.2', '3.9.4', '3.9.3' ],
22 silly audit   '@heroui/use-aria-overlay': [ '2.0.5' ],
22 silly audit   '@heroui/use-callback-ref': [ '2.1.8' ],
22 silly audit   '@heroui/use-clipboard': [ '2.1.9' ],
22 silly audit   '@heroui/use-data-scroll-overflow': [ '2.2.13' ],
22 silly audit   '@heroui/use-disclosure': [ '2.2.18' ],
22 silly audit   '@heroui/use-draggable': [ '2.1.19' ],
22 silly audit   '@heroui/use-form-reset': [ '2.0.1' ],
22 silly audit   '@heroui/use-image': [ '2.1.14' ],
22 silly audit   '@heroui/use-intersection-observer': [ '2.2.14' ],
22 silly audit   '@heroui/use-is-mobile': [ '2.2.12' ],
22 silly audit   '@heroui/use-is-mounted': [ '2.1.8' ],
22 silly audit   '@heroui/use-measure': [ '2.1.8' ],
22 silly audit   '@heroui/use-pagination': [ '2.2.19' ],
22 silly audit   '@heroui/use-resize': [ '2.1.8' ],
22 silly audit   '@heroui/use-safe-layout-effect': [ '2.1.8' ],
22 silly audit   '@heroui/use-scroll-position': [ '2.1.8' ],
22 silly audit   '@heroui/use-viewport-size': [ '2.0.1' ],
22 silly audit   '@heroui/user': [ '2.2.25' ],
22 silly audit   '@humanfs/core': [ '0.19.1' ],
22 silly audit   '@humanfs/node': [ '0.16.7' ],
22 silly audit   '@humanwhocodes/module-importer': [ '1.0.1' ],
22 silly audit   '@humanwhocodes/retry': [ '0.4.3' ],
22 silly audit   '@img/colour': [ '1.1.0' ],
22 silly audit   '@img/sharp-darwin-arm64': [ '0.34.5' ],
22 silly audit   '@img/sharp-darwin-x64': [ '0.34.5' ],
22 silly audit   '@img/sharp-libvips-darwin-arm64': [ '1.2.4' ],
22 silly audit   '@img/sharp-libvips-darwin-x64': [ '1.2.4' ],
22 silly audit   '@img/sharp-libvips-linux-arm': [ '1.2.4' ],
22 silly audit   '@img/sharp-libvips-linux-arm64': [ '1.2.4' ],
22 silly audit   '@img/sharp-libvips-linux-ppc64': [ '1.2.4' ],
22 silly audit   '@img/sharp-libvips-linux-riscv64': [ '1.2.4' ],
22 silly audit   '@img/sharp-libvips-linux-s390x': [ '1.2.4' ],
22 silly audit   '@img/sharp-libvips-linux-x64': [ '1.2.4' ],
22 silly audit   '@img/sharp-libvips-linuxmusl-arm64': [ '1.2.4' ],
22 silly audit   '@img/sharp-libvips-linuxmusl-x64': [ '1.2.4' ],
22 silly audit   '@img/sharp-linux-arm': [ '0.34.5' ],
22 silly audit   '@img/sharp-linux-arm64': [ '0.34.5' ],
22 silly audit   '@img/sharp-linux-ppc64': [ '0.34.5' ],
22 silly audit   '@img/sharp-linux-riscv64': [ '0.34.5' ],
22 silly audit   '@img/sharp-linux-s390x': [ '0.34.5' ],
22 silly audit   '@img/sharp-linux-x64': [ '0.34.5' ],
22 silly audit   '@img/sharp-linuxmusl-arm64': [ '0.34.5' ],
22 silly audit   '@img/sharp-linuxmusl-x64': [ '0.34.5' ],
22 silly audit   '@img/sharp-wasm32': [ '0.34.5' ],
22 silly audit   '@img/sharp-win32-arm64': [ '0.34.5' ],
22 silly audit   '@img/sharp-win32-ia32': [ '0.34.5' ],
22 silly audit   '@img/sharp-win32-x64': [ '0.34.5' ],
22 silly audit   '@internationalized/date': [ '3.12.0' ],
22 silly audit   '@internationalized/message': [ '3.1.8' ],
22 silly audit   '@internationalized/number': [ '3.6.5' ],
22 silly audit   '@internationalized/string': [ '3.2.7' ],
22 silly audit   '@isaacs/fs-minipass': [ '4.0.1' ],
22 silly audit   '@jridgewell/gen-mapping': [ '0.3.13' ],
22 silly audit   '@jridgewell/resolve-uri': [ '3.1.2' ],
22 silly audit   '@jridgewell/sourcemap-codec': [ '1.5.5' ],
22 silly audit   '@jridgewell/trace-mapping': [ '0.3.31' ],
22 silly audit   '@kurkle/color': [ '0.3.4' ],
22 silly audit   '@napi-rs/wasm-runtime': [ '0.2.12' ],
22 silly audit   '@next/env': [ '15.5.9' ],
22 silly audit   '@next/eslint-plugin-next': [ '15.5.9' ],
22 silly audit   '@next/swc-darwin-arm64': [ '15.5.7' ],
22 silly audit   '@next/swc-darwin-x64': [ '15.5.7' ],
22 silly audit   '@next/swc-linux-arm64-gnu': [ '15.5.7' ],
22 silly audit   '@next/swc-linux-arm64-musl': [ '15.5.7' ],
22 silly audit   '@next/swc-linux-x64-gnu': [ '15.5.7' ],
22 silly audit   '@next/swc-linux-x64-musl': [ '15.5.7' ],
22 silly audit   '@next/swc-win32-arm64-msvc': [ '15.5.7' ],
22 silly audit   '@next/swc-win32-x64-msvc': [ '15.5.7' ],
22 silly audit   '@nodelib/fs.scandir': [ '2.1.5' ],
22 silly audit   '@nodelib/fs.stat': [ '2.0.5' ],
22 silly audit   '@nodelib/fs.walk': [ '1.2.8' ],
22 silly audit   '@nolyfill/is-core-module': [ '1.0.39' ],
22 silly audit   '@pkgr/core': [ '0.1.2' ],
22 silly audit   '@react-types/button': [ '3.15.1', '3.14.1' ],
22 silly audit   '@react-aria/checkbox': [ '3.16.4' ],
22 silly audit   '@react-aria/label': [ '3.7.25', '3.7.23' ],
22 silly audit   '@react-aria/combobox': [ '3.14.2' ],
22 silly audit   '@react-aria/selection': [ '3.27.2', '3.27.0' ],
22 silly audit   '@react-aria/dialog': [ '3.5.33' ],
22 silly audit   '@react-aria/form': [ '3.1.4' ],
22 silly audit   '@react-aria/grid': [ '3.14.8' ],
22 silly audit   '@react-stately/collections': [ '3.12.10', '3.12.9' ],
22 silly audit   '@react-types/checkbox': [ '3.10.4', '3.10.3' ],
22 silly audit   '@react-types/grid': [ '3.3.8', '3.3.7' ],
22 silly audit   '@react-aria/landmark': [ '3.0.10' ],
22 silly audit   '@react-aria/live-announcer': [ '3.4.4' ],
22 silly audit   '@react-aria/progress': [ '3.4.28' ],
22 silly audit   '@react-aria/radio': [ '3.12.4' ],
22 silly audit   '@react-aria/ssr': [ '3.9.10' ],
22 silly audit   '@react-aria/switch': [ '3.7.9' ],
22 silly audit   '@react-aria/table': [ '3.17.10' ],
22 silly audit   '@react-aria/tabs': [ '3.11.0' ],
22 silly audit   '@react-aria/textfield': [ '3.18.4' ],
22 silly audit   '@react-aria/toast': [ '3.0.10' ],
22 silly audit   '@react-aria/toggle': [ '3.12.5' ],
22 silly audit   '@react-aria/tooltip': [ '3.9.1' ],
22 silly audit   '@react-stately/checkbox': [ '3.7.4' ],
22 silly audit   '@react-stately/combobox': [ '3.12.2' ],
22 silly audit   '@react-stately/flags': [ '3.1.2' ],
22 silly audit   '@react-stately/grid': [ '3.11.9' ],
22 silly audit   '@react-stately/radio': [ '3.11.4' ],
22 silly audit   '@react-stately/selection': [ '3.20.9' ],
22 silly audit   '@react-stately/table': [ '3.15.3' ],
22 silly audit   '@react-stately/tabs': [ '3.8.8' ],
22 silly audit   '@react-stately/toast': [ '3.1.3' ],
22 silly audit   '@react-stately/tooltip': [ '3.5.10' ],
22 silly audit   '@react-stately/utils': [ '3.11.0' ],
22 silly audit   '@react-stately/virtualizer': [ '4.4.5' ],
22 silly audit   '@react-types/accordion': [ '3.0.0-alpha.26' ],
22 silly audit   '@react-types/combobox': [ '3.13.11' ],
22 silly audit   '@react-types/dialog': [ '3.5.24' ],
22 silly audit   '@react-types/form': [ '3.7.17' ],
22 silly audit   '@react-types/link': [ '3.6.5' ],
22 silly audit   '@react-types/listbox': [ '3.7.6' ],
22 silly audit   '@react-types/menu': [ '3.10.6' ],
22 silly audit   '@react-types/progress': [ '3.5.16' ],
22 silly audit   '@react-types/radio': [ '3.9.3' ],
22 silly audit   '@react-types/switch': [ '3.5.17' ],
22 silly audit   '@react-types/table': [ '3.13.5' ],
22 silly audit   '@react-types/tabs': [ '3.3.22' ],
22 silly audit   '@react-types/textfield': [ '3.12.7' ],
22 silly audit   '@react-types/tooltip': [ '3.5.1' ],
22 silly audit   '@rtsao/scc': [ '1.1.0' ],
22 silly audit   '@rushstack/eslint-patch': [ '1.16.1' ],
22 silly audit   '@swc/helpers': [ '0.5.19', '0.5.15' ],
22 silly audit   '@tailwindcss/node': [ '4.1.11' ],
22 silly audit   '@tailwindcss/oxide': [ '4.1.11' ],
22 silly audit   '@tailwindcss/oxide-android-arm64': [ '4.1.11' ],
22 silly audit   '@tailwindcss/oxide-darwin-arm64': [ '4.1.11' ],
22 silly audit   '@tailwindcss/oxide-darwin-x64': [ '4.1.11' ],
22 silly audit   '@tailwindcss/oxide-freebsd-x64': [ '4.1.11' ],
22 silly audit   '@tailwindcss/oxide-linux-arm-gnueabihf': [ '4.1.11' ],
22 silly audit   '@tailwindcss/oxide-linux-arm64-gnu': [ '4.1.11' ],
22 silly audit   '@tailwindcss/oxide-linux-arm64-musl': [ '4.1.11' ],
22 silly audit   '@tailwindcss/oxide-linux-x64-gnu': [ '4.1.11' ],
22 silly audit   '@tailwindcss/oxide-linux-x64-musl': [ '4.1.11' ],
22 silly audit   '@tailwindcss/oxide-win32-arm64-msvc': [ '4.1.11' ],
22 silly audit   '@tailwindcss/oxide-win32-x64-msvc': [ '4.1.11' ],
22 silly audit   '@tailwindcss/postcss': [ '4.1.11' ],
22 silly audit   '@tanstack/react-virtual': [ '3.11.3' ],
22 silly audit   '@tanstack/virtual-core': [ '3.11.3' ],
22 silly audit   '@tybys/wasm-util': [ '0.10.1' ],
22 silly audit   '@types/estree': [ '1.0.8' ],
22 silly audit   '@types/json-schema': [ '7.0.15' ],
22 silly audit   '@types/json5': [ '0.0.29' ],
22 silly audit   '@types/node': [ '20.5.7' ],
22 silly audit   '@types/prop-types': [ '15.7.15' ],
22 silly audit   '@types/react': [ '18.3.3' ],
22 silly audit   '@types/react-dom': [ '18.3.0' ],
22 silly audit   '@typescript-eslint/eslint-plugin': [ '8.34.1' ],
22 silly audit   '@typescript-eslint/parser': [ '8.34.1' ],
22 silly audit   '@typescript-eslint/project-service': [ '8.34.1' ],
22 silly audit   '@typescript-eslint/scope-manager': [ '8.34.1' ],
22 silly audit   '@typescript-eslint/tsconfig-utils': [ '8.34.1' ],
22 silly audit   '@typescript-eslint/type-utils': [ '8.34.1' ],
22 silly audit   '@typescript-eslint/types': [ '8.34.1' ],
22 silly audit   '@typescript-eslint/typescript-estree': [ '8.34.1' ],
22 silly audit   'fast-glob': [ '3.3.3', '3.3.1' ],
22 silly audit   'glob-parent': [ '5.1.2', '6.0.2' ],
22 silly audit   '@typescript-eslint/utils': [ '8.34.1' ],
22 silly audit   '@typescript-eslint/visitor-keys': [ '8.34.1' ],
22 silly audit   'eslint-visitor-keys': [ '4.2.1', '1.3.0', '3.4.3' ],
22 silly audit   '@unrs/resolver-binding-android-arm-eabi': [ '1.11.1' ],
22 silly audit   '@unrs/resolver-binding-android-arm64': [ '1.11.1' ],
22 silly audit   '@unrs/resolver-binding-darwin-arm64': [ '1.11.1' ],
22 silly audit   '@unrs/resolver-binding-darwin-x64': [ '1.11.1' ],
22 silly audit   '@unrs/resolver-binding-freebsd-x64': [ '1.11.1' ],
22 silly audit   '@unrs/resolver-binding-linux-arm-gnueabihf': [ '1.11.1' ],
22 silly audit   '@unrs/resolver-binding-linux-arm-musleabihf': [ '1.11.1' ],
22 silly audit   '@unrs/resolver-binding-linux-arm64-gnu': [ '1.11.1' ],
22 silly audit   '@unrs/resolver-binding-linux-arm64-musl': [ '1.11.1' ],
22 silly audit   '@unrs/resolver-binding-linux-ppc64-gnu': [ '1.11.1' ],
22 silly audit   '@unrs/resolver-binding-linux-riscv64-gnu': [ '1.11.1' ],
22 silly audit   '@unrs/resolver-binding-linux-riscv64-musl': [ '1.11.1' ],
22 silly audit   '@unrs/resolver-binding-linux-s390x-gnu': [ '1.11.1' ],
22 silly audit   '@unrs/resolver-binding-linux-x64-gnu': [ '1.11.1' ],
22 silly audit   '@unrs/resolver-binding-linux-x64-musl': [ '1.11.1' ],
22 silly audit   '@unrs/resolver-binding-wasm32-wasi': [ '1.11.1' ],
22 silly audit   '@unrs/resolver-binding-win32-arm64-msvc': [ '1.11.1' ],
22 silly audit   '@unrs/resolver-binding-win32-ia32-msvc': [ '1.11.1' ],
22 silly audit   '@unrs/resolver-binding-win32-x64-msvc': [ '1.11.1' ],
22 silly audit   acorn: [ '8.16.0' ],
22 silly audit   'acorn-jsx': [ '5.3.2' ],
22 silly audit   ajv: [ '6.14.0' ],
22 silly audit   'ansi-styles': [ '4.3.0' ],
22 silly audit   argparse: [ '2.0.1' ],
22 silly audit   'aria-query': [ '5.3.2' ],
22 silly audit   'array-buffer-byte-length': [ '1.0.2' ],
22 silly audit   'array-includes': [ '3.1.9' ],
22 silly audit   'array.prototype.findlast': [ '1.2.5' ],
22 silly audit   'array.prototype.findlastindex': [ '1.2.6' ],
22 silly audit   'array.prototype.flat': [ '1.3.3' ],
22 silly audit   'array.prototype.flatmap': [ '1.3.3' ],
22 silly audit   'array.prototype.tosorted': [ '1.1.4' ],
22 silly audit   'arraybuffer.prototype.slice': [ '1.0.4' ],
22 silly audit   'ast-types-flow': [ '0.0.8' ],
22 silly audit   'async-function': [ '1.0.0' ],
22 silly audit   asynckit: [ '0.4.0' ],
22 silly audit   'available-typed-arrays': [ '1.0.7' ],
22 silly audit   'axe-core': [ '4.11.1' ],
22 silly audit   'axobject-query': [ '4.1.0' ],
22 silly audit   'balanced-match': [ '1.0.2' ],
22 silly audit   braces: [ '3.0.3' ],
22 silly audit   'call-bind': [ '1.0.8' ],
22 silly audit   'call-bind-apply-helpers': [ '1.0.2' ],
22 silly audit   'call-bound': [ '1.0.4' ],
22 silly audit   callsites: [ '3.1.0' ],
22 silly audit   'caniuse-lite': [ '1.0.30001777' ],
22 silly audit   chalk: [ '4.1.2' ],
22 silly audit   'chart.js': [ '4.5.1' ],
22 silly audit   chownr: [ '3.0.0' ],
22 silly audit   'client-only': [ '0.0.1' ],
22 silly audit   clsx: [ '2.1.1' ],
22 silly audit   color: [ '4.2.3' ],
22 silly audit   'color-convert': [ '2.0.1' ],
22 silly audit   'color-name': [ '1.1.4' ],
22 silly audit   'color-string': [ '1.9.1' ],
22 silly audit   color2k: [ '2.0.3' ],
22 silly audit   'combined-stream': [ '1.0.8' ],
22 silly audit   'compute-scroll-into-view': [ '3.1.1' ],
22 silly audit   'concat-map': [ '0.0.1' ],
22 silly audit   'cross-spawn': [ '7.0.6' ],
22 silly audit   csstype: [ '3.2.3' ],
22 silly audit   'damerau-levenshtein': [ '1.0.8' ],
22 silly audit   'data-view-buffer': [ '1.0.2' ],
22 silly audit   'data-view-byte-length': [ '1.0.2' ],
22 silly audit   'data-view-byte-offset': [ '1.0.1' ],
22 silly audit   debug: [ '4.4.3', '3.2.7' ],
22 silly audit   'decimal.js': [ '10.6.0' ],
22 silly audit   'deep-is': [ '0.1.4' ],
22 silly audit   deepmerge: [ '4.3.1' ],
22 silly audit   'define-data-property': [ '1.1.4' ],
22 silly audit   'define-properties': [ '1.2.1' ],
22 silly audit   'delayed-stream': [ '1.0.0' ],
22 silly audit   'detect-libc': [ '2.1.2' ],
22 silly audit   doctrine: [ '2.1.0' ],
22 silly audit   'dunder-proto': [ '1.0.1' ],
22 silly audit   'emoji-regex': [ '9.2.2' ],
22 silly audit   'enhanced-resolve': [ '5.20.0' ],
22 silly audit   'es-abstract': [ '1.24.1' ],
22 silly audit   'es-define-property': [ '1.0.1' ],
22 silly audit   'es-errors': [ '1.3.0' ],
22 silly audit   'es-iterator-helpers': [ '1.2.2' ],
22 silly audit   'es-object-atoms': [ '1.1.1' ],
22 silly audit   'es-set-tostringtag': [ '2.1.0' ],
22 silly audit   'es-shim-unscopables': [ '1.1.0' ],
22 silly audit   'es-to-primitive': [ '1.3.0' ],
22 silly audit   'escape-string-regexp': [ '4.0.0' ],
22 silly audit   eslint: [ '9.25.1' ],
22 silly audit   'eslint-config-next': [ '15.5.9' ],
22 silly audit   'eslint-config-prettier': [ '9.1.0' ],
22 silly audit   'eslint-import-resolver-node': [ '0.3.9' ],
22 silly audit   'eslint-import-resolver-typescript': [ '3.10.1' ],
22 silly audit   'eslint-module-utils': [ '2.12.1' ],
22 silly audit   'eslint-plugin-es': [ '3.0.1' ],
22 silly audit   'eslint-plugin-import': [ '2.31.0' ],
22 silly audit   semver: [ '6.3.1', '7.7.4' ],
22 silly audit   'eslint-plugin-jsx-a11y': [ '6.10.2' ],
22 silly audit   'eslint-plugin-node': [ '11.1.0' ],
22 silly audit   'eslint-plugin-prettier': [ '5.2.1' ],
22 silly audit   'eslint-plugin-react': [ '7.37.5' ],
22 silly audit   'eslint-plugin-react-hooks': [ '5.2.0' ],
22 silly audit   resolve: [ '2.0.0-next.6', '1.22.11' ],
22 silly audit   'eslint-plugin-unused-imports': [ '4.1.4' ],
22 silly audit   'eslint-scope': [ '8.4.0' ],
22 silly audit   'eslint-utils': [ '2.1.0' ],
22 silly audit   espree: [ '10.4.0' ],
22 silly audit   esquery: [ '1.7.0' ],
22 silly audit   esrecurse: [ '4.3.0' ],
22 silly audit   estraverse: [ '5.3.0' ],
22 silly audit   esutils: [ '2.0.3' ],
22 silly audit   'fast-deep-equal': [ '3.1.3' ],
22 silly audit   'fast-diff': [ '1.3.0' ],
22 silly audit   'fast-json-stable-stringify': [ '2.1.0' ],
22 silly audit   'fast-levenshtein': [ '2.0.6' ],
22 silly audit   fastq: [ '1.20.1' ],
22 silly audit   'file-entry-cache': [ '8.0.0' ],
22 silly audit   'fill-range': [ '7.1.1' ],
22 silly audit   'find-up': [ '5.0.0' ],
22 silly audit   'flat-cache': [ '4.0.1' ],
22 silly audit   flatted: [ '3.3.4' ],
22 silly audit   'follow-redirects': [ '1.15.11' ],
22 silly audit   'for-each': [ '0.3.5' ],
22 silly audit   'form-data': [ '4.0.5' ],
22 silly audit   'framer-motion': [ '11.18.2' ],
22 silly audit   'function-bind': [ '1.1.2' ],
22 silly audit   'function.prototype.name': [ '1.1.8' ],
22 silly audit   'functions-have-names': [ '1.2.3' ],
22 silly audit   'generator-function': [ '2.0.1' ],
22 silly audit   'get-intrinsic': [ '1.3.0' ],
22 silly audit   'get-proto': [ '1.0.1' ],
22 silly audit   'get-symbol-description': [ '1.1.0' ],
22 silly audit   'get-tsconfig': [ '4.13.6' ],
22 silly audit   globalthis: [ '1.0.4' ],
22 silly audit   gopd: [ '1.2.0' ],
22 silly audit   'graceful-fs': [ '4.2.11' ],
22 silly audit   graphemer: [ '1.4.0' ],
22 silly audit   'has-bigints': [ '1.1.0' ],
22 silly audit   'has-flag': [ '4.0.0' ],
22 silly audit   'has-property-descriptors': [ '1.0.2' ],
22 silly audit   'has-proto': [ '1.2.0' ],
22 silly audit   'has-symbols': [ '1.1.0' ],
22 silly audit   'has-tostringtag': [ '1.0.2' ],
22 silly audit   hasown: [ '2.0.2' ],
22 silly audit   'import-fresh': [ '3.3.1' ],
22 silly audit   imurmurhash: [ '0.1.4' ],
22 silly audit   'internal-slot': [ '1.1.0' ],
22 silly audit   'intl-messageformat': [ '10.7.16' ],
22 silly audit   'is-array-buffer': [ '3.0.5' ],
22 silly audit   'is-arrayish': [ '0.3.4' ],
22 silly audit   'is-async-function': [ '2.1.1' ],
22 silly audit   'is-bigint': [ '1.1.0' ],
22 silly audit   'is-boolean-object': [ '1.2.2' ],
22 silly audit   'is-bun-module': [ '2.0.0' ],
22 silly audit   'is-callable': [ '1.2.7' ],
22 silly audit   'is-core-module': [ '2.16.1' ],
22 silly audit   'is-data-view': [ '1.0.2' ],
22 silly audit   'is-date-object': [ '1.1.0' ],
22 silly audit   'is-extglob': [ '2.1.1' ],
22 silly audit   'is-finalizationregistry': [ '1.1.1' ],
22 silly audit   'is-generator-function': [ '1.1.2' ],
22 silly audit   'is-glob': [ '4.0.3' ],
22 silly audit   'is-map': [ '2.0.3' ],
22 silly audit   'is-negative-zero': [ '2.0.3' ],
22 silly audit   'is-number': [ '7.0.0' ],
22 silly audit   'is-number-object': [ '1.1.1' ],
22 silly audit   'is-regex': [ '1.2.1' ],
22 silly audit   'is-set': [ '2.0.3' ],
22 silly audit   'is-shared-array-buffer': [ '1.0.4' ],
22 silly audit   'is-string': [ '1.1.1' ],
22 silly audit   'is-symbol': [ '1.1.1' ],
22 silly audit   'is-typed-array': [ '1.1.15' ],
22 silly audit   'is-weakmap': [ '2.0.2' ],
22 silly audit   'is-weakref': [ '1.1.1' ],
22 silly audit   'is-weakset': [ '2.0.4' ],
22 silly audit   isarray: [ '2.0.5' ],
22 silly audit   isexe: [ '2.0.0' ],
22 silly audit   'iterator.prototype': [ '1.1.5' ],
22 silly audit   jiti: [ '2.6.1' ],
22 silly audit   'js-tokens': [ '4.0.0' ],
22 silly audit   'js-yaml': [ '4.1.1' ],
22 silly audit   'json-buffer': [ '3.0.1' ],
22 silly audit   'json-schema-traverse': [ '0.4.1' ],
22 silly audit   'json-stable-stringify-without-jsonify': [ '1.0.1' ],
22 silly audit   json5: [ '1.0.2' ],
22 silly audit   'jsx-ast-utils': [ '3.3.5' ],
22 silly audit   keyv: [ '4.5.4' ],
22 silly audit   'language-subtag-registry': [ '0.3.23' ],
22 silly audit   'language-tags': [ '1.0.9' ],
22 silly audit   levn: [ '0.4.1' ],
22 silly audit   lightningcss: [ '1.30.1' ],
22 silly audit   'lightningcss-darwin-arm64': [ '1.30.1' ],
22 silly audit   'lightningcss-darwin-x64': [ '1.30.1' ],
22 silly audit   'lightningcss-freebsd-x64': [ '1.30.1' ],
22 silly audit   'lightningcss-linux-arm-gnueabihf': [ '1.30.1' ],
22 silly audit   'lightningcss-linux-arm64-gnu': [ '1.30.1' ],
22 silly audit   'lightningcss-linux-arm64-musl': [ '1.30.1' ],
22 silly audit   'lightningcss-linux-x64-gnu': [ '1.30.1' ],
22 silly audit   'lightningcss-linux-x64-musl': [ '1.30.1' ],
22 silly audit   'lightningcss-win32-arm64-msvc': [ '1.30.1' ],
22 silly audit   'lightningcss-win32-x64-msvc': [ '1.30.1' ],
22 silly audit   'locate-path': [ '6.0.0' ],
22 silly audit   'lodash.merge': [ '4.6.2' ],
22 silly audit   'loose-envify': [ '1.4.0' ],
22 silly audit   'lucide-react': [ '0.577.0' ],
22 silly audit   'magic-string': [ '0.30.21' ],
22 silly audit   'math-intrinsics': [ '1.1.0' ],
22 silly audit   merge2: [ '1.4.1' ],
22 silly audit   micromatch: [ '4.0.8' ],
22 silly audit   'mime-db': [ '1.52.0' ],
22 silly audit   'mime-types': [ '2.1.35' ],
22 silly audit   minimist: [ '1.2.8' ],
22 silly audit   minipass: [ '7.1.3' ],
22 silly audit   minizlib: [ '3.1.0' ],
22 silly audit   'motion-dom': [ '11.18.1' ],
22 silly audit   'motion-utils': [ '11.18.1' ],
22 silly audit   ms: [ '2.1.3' ],
22 silly audit   nanoid: [ '3.3.11' ],
22 silly audit   'napi-postinstall': [ '0.3.4' ],
22 silly audit   'natural-compare': [ '1.4.0' ],
22 silly audit   next: [ '15.5.9' ],
22 silly audit   'next-themes': [ '0.4.6' ],
22 silly audit   postcss: [ '8.4.31', '8.5.6' ],
22 silly audit   'node-exports-info': [ '1.6.0' ],
22 silly audit   'object-assign': [ '4.1.1' ],
22 silly audit   'object-inspect': [ '1.13.4' ],
22 silly audit   'object-keys': [ '1.1.1' ],
22 silly audit   'object.assign': [ '4.1.7' ],
22 silly audit   'object.entries': [ '1.1.9' ],
22 silly audit   'object.fromentries': [ '2.0.8' ],
22 silly audit   'object.groupby': [ '1.0.3' ],
22 silly audit   'object.values': [ '1.2.1' ],
22 silly audit   optionator: [ '0.9.4' ],
22 silly audit   'own-keys': [ '1.0.1' ],
22 silly audit   'p-limit': [ '3.1.0' ],
22 silly audit   'p-locate': [ '5.0.0' ],
22 silly audit   'parent-module': [ '1.0.1' ],
22 silly audit   'path-exists': [ '4.0.0' ],
22 silly audit   'path-key': [ '3.1.1' ],
22 silly audit   'path-parse': [ '1.0.7' ],
22 silly audit   picocolors: [ '1.1.1' ],
22 silly audit   picomatch: [ '2.3.1', '4.0.3' ],
22 silly audit   'possible-typed-array-names': [ '1.1.0' ],
22 silly audit   'prelude-ls': [ '1.2.1' ],
22 silly audit   prettier: [ '3.5.3' ],
22 silly audit   'prettier-linter-helpers': [ '1.0.1' ],
22 silly audit   'prop-types': [ '15.8.1' ],
22 silly audit   'property-expr': [ '2.0.6' ],
22 silly audit   'proxy-from-env': [ '1.1.0' ],
22 silly audit   punycode: [ '2.3.1' ],
22 silly audit   'queue-microtask': [ '1.2.3' ],
22 silly audit   react: [ '18.3.1' ],
22 silly audit   'react-dom': [ '18.3.1' ],
22 silly audit   'react-hook-form': [ '7.71.2' ],
22 silly audit   'react-is': [ '16.13.1' ],
22 silly audit   'react-textarea-autosize': [ '8.5.9' ],
22 silly audit   'reflect.getprototypeof': [ '1.0.10' ],
22 silly audit   'regexp.prototype.flags': [ '1.5.4' ],
22 silly audit   regexpp: [ '3.2.0' ],
22 silly audit   'resolve-from': [ '4.0.0' ],
22 silly audit   'resolve-pkg-maps': [ '1.0.0' ],
22 silly audit   reusify: [ '1.1.0' ],
22 silly audit   'run-parallel': [ '1.2.0' ],
22 silly audit   'safe-array-concat': [ '1.1.3' ],
22 silly audit   'safe-push-apply': [ '1.0.0' ],
22 silly audit   'safe-regex-test': [ '1.1.0' ],
22 silly audit   scheduler: [ '0.23.2' ],
22 silly audit   'scroll-into-view-if-needed': [ '3.0.10' ],
22 silly audit   'set-function-length': [ '1.2.2' ],
22 silly audit   'set-function-name': [ '2.0.2' ],
22 silly audit   'set-proto': [ '1.0.0' ],
22 silly audit   sharp: [ '0.34.5' ],
22 silly audit   'shebang-command': [ '2.0.0' ],
22 silly audit   'shebang-regex': [ '3.0.0' ],
22 silly audit   'side-channel': [ '1.1.0' ],
22 silly audit   'side-channel-list': [ '1.0.0' ],
22 silly audit   'side-channel-map': [ '1.0.1' ],
22 silly audit   'side-channel-weakmap': [ '1.0.2' ],
22 silly audit   'simple-swizzle': [ '0.2.4' ],
22 silly audit   'source-map-js': [ '1.2.1' ],
22 silly audit   'stable-hash': [ '0.0.5' ],
22 silly audit   'stop-iteration-iterator': [ '1.1.0' ],
22 silly audit   'string.prototype.includes': [ '2.0.1' ],
22 silly audit   'string.prototype.matchall': [ '4.0.12' ],
22 silly audit   'string.prototype.repeat': [ '1.0.0' ],
22 silly audit   'string.prototype.trim': [ '1.2.10' ],
22 silly audit   'string.prototype.trimend': [ '1.0.9' ],
22 silly audit   'string.prototype.trimstart': [ '1.0.8' ],
22 silly audit   'strip-bom': [ '3.0.0' ],
22 silly audit   'strip-json-comments': [ '3.1.1' ],
22 silly audit   'styled-jsx': [ '5.1.6' ],
22 silly audit   'supports-color': [ '7.2.0' ],
22 silly audit   'supports-preserve-symlinks-flag': [ '1.0.0' ],
22 silly audit   synckit: [ '0.9.3' ],
22 silly audit   'tailwind-merge': [ '3.4.0' ],
22 silly audit   'tailwind-variants': [ '3.2.2' ],
22 silly audit   tailwindcss: [ '4.1.11' ],
22 silly audit   tapable: [ '2.3.0' ],
22 silly audit   tar: [ '7.5.10' ],
22 silly audit   'tiny-case': [ '1.0.3' ],
22 silly audit   tinyglobby: [ '0.2.15' ],
22 silly audit   fdir: [ '6.5.0' ],
22 silly audit   'to-regex-range': [ '5.0.1' ],
22 silly audit   toposort: [ '2.0.2' ],
22 silly audit   'ts-api-utils': [ '2.4.0' ],
22 silly audit   'tsconfig-paths': [ '3.15.0' ],
22 silly audit   tslib: [ '2.8.1' ],
22 silly audit   'type-check': [ '0.4.0' ],
22 silly audit   'type-fest': [ '2.19.0' ],
22 silly audit   'typed-array-buffer': [ '1.0.3' ],
22 silly audit   'typed-array-byte-length': [ '1.0.3' ],
22 silly audit   'typed-array-byte-offset': [ '1.0.4' ],
22 silly audit   'typed-array-length': [ '1.0.7' ],
22 silly audit   typescript: [ '5.6.3' ],
22 silly audit   'unbox-primitive': [ '1.1.0' ],
22 silly audit   'unrs-resolver': [ '1.11.1' ],
22 silly audit   'uri-js': [ '4.4.1' ],
22 silly audit   'use-composed-ref': [ '1.4.0' ],
22 silly audit   'use-isomorphic-layout-effect': [ '1.2.1' ],
22 silly audit   'use-latest': [ '1.3.0' ],
22 silly audit   'use-sync-external-store': [ '1.6.0' ],
22 silly audit   which: [ '2.0.2' ],
22 silly audit   'which-boxed-primitive': [ '1.1.1' ],
22 silly audit   'which-builtin-type': [ '1.2.1' ],
22 silly audit   'which-collection': [ '1.0.2' ],
22 silly audit   'which-typed-array': [ '1.1.20' ],
22 silly audit   'word-wrap': [ '1.2.5' ],
22 silly audit   yallist: [ '5.0.0' ],
22 silly audit   'yocto-queue': [ '0.1.0' ],
22 silly audit   yup: [ '1.7.1' ],
22 silly audit   axios: [ '1.13.6' ],
22 silly audit   '@tailwindcss/oxide-wasm32-wasi': [ '4.1.11' ]
22 silly audit }
23 verbose reify failed optional dependency /Users/joelaposaga/ahm-app/ahm-app-frontend/node_modules/lightningcss-win32-x64-msvc
24 silly reify mark deleted [
24 silly reify   '/Users/joelaposaga/ahm-app/ahm-app-frontend/node_modules/lightningcss-win32-x64-msvc'
24 silly reify ]
25 verbose reify failed optional dependency /Users/joelaposaga/ahm-app/ahm-app-frontend/node_modules/lightningcss-win32-arm64-msvc
26 silly reify mark deleted [
26 silly reify   '/Users/joelaposaga/ahm-app/ahm-app-frontend/node_modules/lightningcss-win32-arm64-msvc'
26 silly reify ]
27 verbose reify failed optional dependency /Users/joelaposaga/ahm-app/ahm-app-frontend/node_modules/lightningcss-linux-x64-musl
28 silly reify mark deleted [
28 silly reify   '/Users/joelaposaga/ahm-app/ahm-app-frontend/node_modules/lightningcss-linux-x64-musl'
28 silly reify ]
29 verbose reify failed optional dependency /Users/joelaposaga/ahm-app/ahm-app-frontend/node_modules/lightningcss-linux-x64-gnu
30 silly reify mark deleted [
30 silly reify   '/Users/joelaposaga/ahm-app/ahm-app-frontend/node_modules/lightningcss-linux-x64-gnu'
30 silly reify ]
31 verbose reify failed optional dependency /Users/joelaposaga/ahm-app/ahm-app-frontend/node_modules/lightningcss-linux-arm64-musl
32 silly reify mark deleted [
32 silly reify   '/Users/joelaposaga/ahm-app/ahm-app-frontend/node_modules/lightningcss-linux-arm64-musl'
32 silly reify ]
33 verbose reify failed optional dependency /Users/joelaposaga/ahm-app/ahm-app-frontend/node_modules/lightningcss-linux-arm64-gnu
34 silly reify mark deleted [
34 silly reify   '/Users/joelaposaga/ahm-app/ahm-app-frontend/node_modules/lightningcss-linux-arm64-gnu'
34 silly reify ]
35 verbose reify failed optional dependency /Users/joelaposaga/ahm-app/ahm-app-frontend/node_modules/lightningcss-linux-arm-gnueabihf
36 silly reify mark deleted [
36 silly reify   '/Users/joelaposaga/ahm-app/ahm-app-frontend/node_modules/lightningcss-linux-arm-gnueabihf'
36 silly reify ]
37 verbose reify failed optional dependency /Users/joelaposaga/ahm-app/ahm-app-frontend/node_modules/lightningcss-freebsd-x64
38 silly reify mark deleted [
38 silly reify   '/Users/joelaposaga/ahm-app/ahm-app-frontend/node_modules/lightningcss-freebsd-x64'
38 silly reify ]
39 verbose reify failed optional dependency /Users/joelaposaga/ahm-app/ahm-app-frontend/node_modules/lightningcss-darwin-x64
40 silly reify mark deleted [
40 silly reify   '/Users/joelaposaga/ahm-app/ahm-app-frontend/node_modules/lightningcss-darwin-x64'
40 silly reify ]
41 verbose reify failed optional dependency /Users/joelaposaga/ahm-app/ahm-app-frontend/node_modules/@unrs/resolver-binding-win32-x64-msvc
42 silly reify mark deleted [
42 silly reify   '/Users/joelaposaga/ahm-app/ahm-app-frontend/node_modules/@unrs/resolver-binding-win32-x64-msvc'
42 silly reify ]
43 verbose reify failed optional dependency /Users/joelaposaga/ahm-app/ahm-app-frontend/node_modules/@unrs/resolver-binding-win32-ia32-msvc
44 silly reify mark deleted [
44 silly reify   '/Users/joelaposaga/ahm-app/ahm-app-frontend/node_modules/@unrs/resolver-binding-win32-ia32-msvc'
44 silly reify ]
45 verbose reify failed optional dependency /Users/joelaposaga/ahm-app/ahm-app-frontend/node_modules/@unrs/resolver-binding-win32-arm64-msvc
46 silly reify mark deleted [
46 silly reify   '/Users/joelaposaga/ahm-app/ahm-app-frontend/node_modules/@unrs/resolver-binding-win32-arm64-msvc'
46 silly reify ]
47 verbose reify failed optional dependency /Users/joelaposaga/ahm-app/ahm-app-frontend/node_modules/@unrs/resolver-binding-wasm32-wasi
48 silly reify mark deleted [
48 silly reify   '/Users/joelaposaga/ahm-app/ahm-app-frontend/node_modules/@unrs/resolver-binding-wasm32-wasi'
48 silly reify ]
49 verbose reify failed optional dependency /Users/joelaposaga/ahm-app/ahm-app-frontend/node_modules/@unrs/resolver-binding-linux-x64-musl
50 silly reify mark deleted [
50 silly reify   '/Users/joelaposaga/ahm-app/ahm-app-frontend/node_modules/@unrs/resolver-binding-linux-x64-musl'
50 silly reify ]
51 verbose reify failed optional dependency /Users/joelaposaga/ahm-app/ahm-app-frontend/node_modules/@unrs/resolver-binding-linux-x64-gnu
52 silly reify mark deleted [
52 silly reify   '/Users/joelaposaga/ahm-app/ahm-app-frontend/node_modules/@unrs/resolver-binding-linux-x64-gnu'
52 silly reify ]
53 verbose reify failed optional dependency /Users/joelaposaga/ahm-app/ahm-app-frontend/node_modules/@unrs/resolver-binding-linux-s390x-gnu
54 silly reify mark deleted [
54 silly reify   '/Users/joelaposaga/ahm-app/ahm-app-frontend/node_modules/@unrs/resolver-binding-linux-s390x-gnu'
54 silly reify ]
55 verbose reify failed optional dependency /Users/joelaposaga/ahm-app/ahm-app-frontend/node_modules/@unrs/resolver-binding-linux-riscv64-musl
56 silly reify mark deleted [
56 silly reify   '/Users/joelaposaga/ahm-app/ahm-app-frontend/node_modules/@unrs/resolver-binding-linux-riscv64-musl'
56 silly reify ]
57 verbose reify failed optional dependency /Users/joelaposaga/ahm-app/ahm-app-frontend/node_modules/@unrs/resolver-binding-linux-riscv64-gnu
58 silly reify mark deleted [
58 silly reify   '/Users/joelaposaga/ahm-app/ahm-app-frontend/node_modules/@unrs/resolver-binding-linux-riscv64-gnu'
58 silly reify ]
59 verbose reify failed optional dependency /Users/joelaposaga/ahm-app/ahm-app-frontend/node_modules/@unrs/resolver-binding-linux-ppc64-gnu
60 silly reify mark deleted [
60 silly reify   '/Users/joelaposaga/ahm-app/ahm-app-frontend/node_modules/@unrs/resolver-binding-linux-ppc64-gnu'
60 silly reify ]
61 verbose reify failed optional dependency /Users/joelaposaga/ahm-app/ahm-app-frontend/node_modules/@unrs/resolver-binding-linux-arm64-musl
62 silly reify mark deleted [
62 silly reify   '/Users/joelaposaga/ahm-app/ahm-app-frontend/node_modules/@unrs/resolver-binding-linux-arm64-musl'
62 silly reify ]
63 verbose reify failed optional dependency /Users/joelaposaga/ahm-app/ahm-app-frontend/node_modules/@unrs/resolver-binding-linux-arm64-gnu
64 silly reify mark deleted [
64 silly reify   '/Users/joelaposaga/ahm-app/ahm-app-frontend/node_modules/@unrs/resolver-binding-linux-arm64-gnu'
64 silly reify ]
65 verbose reify failed optional dependency /Users/joelaposaga/ahm-app/ahm-app-frontend/node_modules/@unrs/resolver-binding-linux-arm-musleabihf
66 silly reify mark deleted [
66 silly reify   '/Users/joelaposaga/ahm-app/ahm-app-frontend/node_modules/@unrs/resolver-binding-linux-arm-musleabihf'
66 silly reify ]
67 verbose reify failed optional dependency /Users/joelaposaga/ahm-app/ahm-app-frontend/node_modules/@unrs/resolver-binding-linux-arm-gnueabihf
68 silly reify mark deleted [
68 silly reify   '/Users/joelaposaga/ahm-app/ahm-app-frontend/node_modules/@unrs/resolver-binding-linux-arm-gnueabihf'
68 silly reify ]
69 verbose reify failed optional dependency /Users/joelaposaga/ahm-app/ahm-app-frontend/node_modules/@unrs/resolver-binding-freebsd-x64
70 silly reify mark deleted [
70 silly reify   '/Users/joelaposaga/ahm-app/ahm-app-frontend/node_modules/@unrs/resolver-binding-freebsd-x64'
70 silly reify ]
71 verbose reify failed optional dependency /Users/joelaposaga/ahm-app/ahm-app-frontend/node_modules/@unrs/resolver-binding-darwin-x64
72 silly reify mark deleted [
72 silly reify   '/Users/joelaposaga/ahm-app/ahm-app-frontend/node_modules/@unrs/resolver-binding-darwin-x64'
72 silly reify ]
73 verbose reify failed optional dependency /Users/joelaposaga/ahm-app/ahm-app-frontend/node_modules/@unrs/resolver-binding-android-arm64
74 silly reify mark deleted [
74 silly reify   '/Users/joelaposaga/ahm-app/ahm-app-frontend/node_modules/@unrs/resolver-binding-android-arm64'
74 silly reify ]
75 verbose reify failed optional dependency /Users/joelaposaga/ahm-app/ahm-app-frontend/node_modules/@unrs/resolver-binding-android-arm-eabi
76 silly reify mark deleted [
76 silly reify   '/Users/joelaposaga/ahm-app/ahm-app-frontend/node_modules/@unrs/resolver-binding-android-arm-eabi'
76 silly reify ]
77 verbose reify failed optional dependency /Users/joelaposaga/ahm-app/ahm-app-frontend/node_modules/@tailwindcss/oxide-win32-x64-msvc
78 silly reify mark deleted [
78 silly reify   '/Users/joelaposaga/ahm-app/ahm-app-frontend/node_modules/@tailwindcss/oxide-win32-x64-msvc'
78 silly reify ]
79 verbose reify failed optional dependency /Users/joelaposaga/ahm-app/ahm-app-frontend/node_modules/@tailwindcss/oxide-win32-arm64-msvc
80 silly reify mark deleted [
80 silly reify   '/Users/joelaposaga/ahm-app/ahm-app-frontend/node_modules/@tailwindcss/oxide-win32-arm64-msvc'
80 silly reify ]
81 verbose reify failed optional dependency /Users/joelaposaga/ahm-app/ahm-app-frontend/node_modules/@tailwindcss/oxide-linux-x64-musl
82 silly reify mark deleted [
82 silly reify   '/Users/joelaposaga/ahm-app/ahm-app-frontend/node_modules/@tailwindcss/oxide-linux-x64-musl'
82 silly reify ]
83 verbose reify failed optional dependency /Users/joelaposaga/ahm-app/ahm-app-frontend/node_modules/@tailwindcss/oxide-linux-x64-gnu
84 silly reify mark deleted [
84 silly reify   '/Users/joelaposaga/ahm-app/ahm-app-frontend/node_modules/@tailwindcss/oxide-linux-x64-gnu'
84 silly reify ]
85 verbose reify failed optional dependency /Users/joelaposaga/ahm-app/ahm-app-frontend/node_modules/@tailwindcss/oxide-linux-arm64-musl
86 silly reify mark deleted [
86 silly reify   '/Users/joelaposaga/ahm-app/ahm-app-frontend/node_modules/@tailwindcss/oxide-linux-arm64-musl'
86 silly reify ]
87 verbose reify failed optional dependency /Users/joelaposaga/ahm-app/ahm-app-frontend/node_modules/@tailwindcss/oxide-linux-arm64-gnu
88 silly reify mark deleted [
88 silly reify   '/Users/joelaposaga/ahm-app/ahm-app-frontend/node_modules/@tailwindcss/oxide-linux-arm64-gnu'
88 silly reify ]
89 verbose reify failed optional dependency /Users/joelaposaga/ahm-app/ahm-app-frontend/node_modules/@tailwindcss/oxide-linux-arm-gnueabihf
90 silly reify mark deleted [
90 silly reify   '/Users/joelaposaga/ahm-app/ahm-app-frontend/node_modules/@tailwindcss/oxide-linux-arm-gnueabihf'
90 silly reify ]
91 verbose reify failed optional dependency /Users/joelaposaga/ahm-app/ahm-app-frontend/node_modules/@tailwindcss/oxide-freebsd-x64
92 silly reify mark deleted [
92 silly reify   '/Users/joelaposaga/ahm-app/ahm-app-frontend/node_modules/@tailwindcss/oxide-freebsd-x64'
92 silly reify ]
93 verbose reify failed optional dependency /Users/joelaposaga/ahm-app/ahm-app-frontend/node_modules/@tailwindcss/oxide-darwin-x64
94 silly reify mark deleted [
94 silly reify   '/Users/joelaposaga/ahm-app/ahm-app-frontend/node_modules/@tailwindcss/oxide-darwin-x64'
94 silly reify ]
95 verbose reify failed optional dependency /Users/joelaposaga/ahm-app/ahm-app-frontend/node_modules/@tailwindcss/oxide-android-arm64
96 silly reify mark deleted [
96 silly reify   '/Users/joelaposaga/ahm-app/ahm-app-frontend/node_modules/@tailwindcss/oxide-android-arm64'
96 silly reify ]
97 verbose reify failed optional dependency /Users/joelaposaga/ahm-app/ahm-app-frontend/node_modules/@next/swc-win32-x64-msvc
98 silly reify mark deleted [
98 silly reify   '/Users/joelaposaga/ahm-app/ahm-app-frontend/node_modules/@next/swc-win32-x64-msvc'
98 silly reify ]
99 verbose reify failed optional dependency /Users/joelaposaga/ahm-app/ahm-app-frontend/node_modules/@next/swc-win32-arm64-msvc
100 silly reify mark deleted [
100 silly reify   '/Users/joelaposaga/ahm-app/ahm-app-frontend/node_modules/@next/swc-win32-arm64-msvc'
100 silly reify ]
101 verbose reify failed optional dependency /Users/joelaposaga/ahm-app/ahm-app-frontend/node_modules/@next/swc-linux-x64-musl
102 silly reify mark deleted [
102 silly reify   '/Users/joelaposaga/ahm-app/ahm-app-frontend/node_modules/@next/swc-linux-x64-musl'
102 silly reify ]
103 verbose reify failed optional dependency /Users/joelaposaga/ahm-app/ahm-app-frontend/node_modules/@next/swc-linux-x64-gnu
104 silly reify mark deleted [
104 silly reify   '/Users/joelaposaga/ahm-app/ahm-app-frontend/node_modules/@next/swc-linux-x64-gnu'
104 silly reify ]
105 verbose reify failed optional dependency /Users/joelaposaga/ahm-app/ahm-app-frontend/node_modules/@next/swc-linux-arm64-musl
106 silly reify mark deleted [
106 silly reify   '/Users/joelaposaga/ahm-app/ahm-app-frontend/node_modules/@next/swc-linux-arm64-musl'
106 silly reify ]
107 verbose reify failed optional dependency /Users/joelaposaga/ahm-app/ahm-app-frontend/node_modules/@next/swc-linux-arm64-gnu
108 silly reify mark deleted [
108 silly reify   '/Users/joelaposaga/ahm-app/ahm-app-frontend/node_modules/@next/swc-linux-arm64-gnu'
108 silly reify ]
109 verbose reify failed optional dependency /Users/joelaposaga/ahm-app/ahm-app-frontend/node_modules/@next/swc-darwin-x64
110 silly reify mark deleted [
110 silly reify   '/Users/joelaposaga/ahm-app/ahm-app-frontend/node_modules/@next/swc-darwin-x64'
110 silly reify ]
111 verbose reify failed optional dependency /Users/joelaposaga/ahm-app/ahm-app-frontend/node_modules/@img/sharp-win32-x64
112 silly reify mark deleted [
112 silly reify   '/Users/joelaposaga/ahm-app/ahm-app-frontend/node_modules/@img/sharp-win32-x64'
112 silly reify ]
113 verbose reify failed optional dependency /Users/joelaposaga/ahm-app/ahm-app-frontend/node_modules/@img/sharp-win32-ia32
114 silly reify mark deleted [
114 silly reify   '/Users/joelaposaga/ahm-app/ahm-app-frontend/node_modules/@img/sharp-win32-ia32'
114 silly reify ]
115 verbose reify failed optional dependency /Users/joelaposaga/ahm-app/ahm-app-frontend/node_modules/@img/sharp-win32-arm64
116 silly reify mark deleted [
116 silly reify   '/Users/joelaposaga/ahm-app/ahm-app-frontend/node_modules/@img/sharp-win32-arm64'
116 silly reify ]
117 verbose reify failed optional dependency /Users/joelaposaga/ahm-app/ahm-app-frontend/node_modules/@img/sharp-wasm32
118 silly reify mark deleted [
118 silly reify   '/Users/joelaposaga/ahm-app/ahm-app-frontend/node_modules/@img/sharp-wasm32'
118 silly reify ]
119 verbose reify failed optional dependency /Users/joelaposaga/ahm-app/ahm-app-frontend/node_modules/@img/sharp-linuxmusl-x64
120 silly reify mark deleted [
120 silly reify   '/Users/joelaposaga/ahm-app/ahm-app-frontend/node_modules/@img/sharp-linuxmusl-x64'
120 silly reify ]
121 verbose reify failed optional dependency /Users/joelaposaga/ahm-app/ahm-app-frontend/node_modules/@img/sharp-linuxmusl-arm64
122 silly reify mark deleted [
122 silly reify   '/Users/joelaposaga/ahm-app/ahm-app-frontend/node_modules/@img/sharp-linuxmusl-arm64'
122 silly reify ]
123 verbose reify failed optional dependency /Users/joelaposaga/ahm-app/ahm-app-frontend/node_modules/@img/sharp-linux-x64
124 silly reify mark deleted [
124 silly reify   '/Users/joelaposaga/ahm-app/ahm-app-frontend/node_modules/@img/sharp-linux-x64'
124 silly reify ]
125 verbose reify failed optional dependency /Users/joelaposaga/ahm-app/ahm-app-frontend/node_modules/@img/sharp-linux-s390x
126 silly reify mark deleted [
126 silly reify   '/Users/joelaposaga/ahm-app/ahm-app-frontend/node_modules/@img/sharp-linux-s390x'
126 silly reify ]
127 verbose reify failed optional dependency /Users/joelaposaga/ahm-app/ahm-app-frontend/node_modules/@img/sharp-linux-riscv64
128 silly reify mark deleted [
128 silly reify   '/Users/joelaposaga/ahm-app/ahm-app-frontend/node_modules/@img/sharp-linux-riscv64'
128 silly reify ]
129 verbose reify failed optional dependency /Users/joelaposaga/ahm-app/ahm-app-frontend/node_modules/@img/sharp-linux-ppc64
130 silly reify mark deleted [
130 silly reify   '/Users/joelaposaga/ahm-app/ahm-app-frontend/node_modules/@img/sharp-linux-ppc64'
130 silly reify ]
131 verbose reify failed optional dependency /Users/joelaposaga/ahm-app/ahm-app-frontend/node_modules/@img/sharp-linux-arm64
132 silly reify mark deleted [
132 silly reify   '/Users/joelaposaga/ahm-app/ahm-app-frontend/node_modules/@img/sharp-linux-arm64'
132 silly reify ]
133 verbose reify failed optional dependency /Users/joelaposaga/ahm-app/ahm-app-frontend/node_modules/@img/sharp-linux-arm
134 silly reify mark deleted [
134 silly reify   '/Users/joelaposaga/ahm-app/ahm-app-frontend/node_modules/@img/sharp-linux-arm'
134 silly reify ]
135 verbose reify failed optional dependency /Users/joelaposaga/ahm-app/ahm-app-frontend/node_modules/@img/sharp-libvips-linuxmusl-x64
136 silly reify mark deleted [
136 silly reify   '/Users/joelaposaga/ahm-app/ahm-app-frontend/node_modules/@img/sharp-libvips-linuxmusl-x64'
136 silly reify ]
137 verbose reify failed optional dependency /Users/joelaposaga/ahm-app/ahm-app-frontend/node_modules/@img/sharp-libvips-linuxmusl-arm64
138 silly reify mark deleted [
138 silly reify   '/Users/joelaposaga/ahm-app/ahm-app-frontend/node_modules/@img/sharp-libvips-linuxmusl-arm64'
138 silly reify ]
139 verbose reify failed optional dependency /Users/joelaposaga/ahm-app/ahm-app-frontend/node_modules/@img/sharp-libvips-linux-x64
140 silly reify mark deleted [
140 silly reify   '/Users/joelaposaga/ahm-app/ahm-app-frontend/node_modules/@img/sharp-libvips-linux-x64'
140 silly reify ]
141 verbose reify failed optional dependency /Users/joelaposaga/ahm-app/ahm-app-frontend/node_modules/@img/sharp-libvips-linux-s390x
142 silly reify mark deleted [
142 silly reify   '/Users/joelaposaga/ahm-app/ahm-app-frontend/node_modules/@img/sharp-libvips-linux-s390x'
142 silly reify ]
143 verbose reify failed optional dependency /Users/joelaposaga/ahm-app/ahm-app-frontend/node_modules/@img/sharp-libvips-linux-riscv64
144 silly reify mark deleted [
144 silly reify   '/Users/joelaposaga/ahm-app/ahm-app-frontend/node_modules/@img/sharp-libvips-linux-riscv64'
144 silly reify ]
145 verbose reify failed optional dependency /Users/joelaposaga/ahm-app/ahm-app-frontend/node_modules/@img/sharp-libvips-linux-ppc64
146 silly reify mark deleted [
146 silly reify   '/Users/joelaposaga/ahm-app/ahm-app-frontend/node_modules/@img/sharp-libvips-linux-ppc64'
146 silly reify ]
147 verbose reify failed optional dependency /Users/joelaposaga/ahm-app/ahm-app-frontend/node_modules/@img/sharp-libvips-linux-arm64
148 silly reify mark deleted [
148 silly reify   '/Users/joelaposaga/ahm-app/ahm-app-frontend/node_modules/@img/sharp-libvips-linux-arm64'
148 silly reify ]
149 verbose reify failed optional dependency /Users/joelaposaga/ahm-app/ahm-app-frontend/node_modules/@img/sharp-libvips-linux-arm
150 silly reify mark deleted [
150 silly reify   '/Users/joelaposaga/ahm-app/ahm-app-frontend/node_modules/@img/sharp-libvips-linux-arm'
150 silly reify ]
151 verbose reify failed optional dependency /Users/joelaposaga/ahm-app/ahm-app-frontend/node_modules/@img/sharp-libvips-darwin-x64
152 silly reify mark deleted [
152 silly reify   '/Users/joelaposaga/ahm-app/ahm-app-frontend/node_modules/@img/sharp-libvips-darwin-x64'
152 silly reify ]
153 verbose reify failed optional dependency /Users/joelaposaga/ahm-app/ahm-app-frontend/node_modules/@img/sharp-darwin-x64
154 silly reify mark deleted [
154 silly reify   '/Users/joelaposaga/ahm-app/ahm-app-frontend/node_modules/@img/sharp-darwin-x64'
154 silly reify ]
155 http fetch GET 200 https://registry.npmjs.org/npm 376ms
156 http fetch POST 200 https://registry.npmjs.org/-/npm/v1/security/advisories/bulk 428ms
157 silly audit report {
157 silly audit report   '@eslint/plugin-kit': [
157 silly audit report     {
157 silly audit report       id: 1106734,
157 silly audit report       url: 'https://github.com/advisories/GHSA-xffm-g5w8-qvg7',
157 silly audit report       title: '@eslint/plugin-kit is vulnerable to Regular Expression Denial of Service attacks through ConfigCommentParser',
157 silly audit report       severity: 'low',
157 silly audit report       vulnerable_versions: '<0.3.4',
157 silly audit report       cwe: [Array],
157 silly audit report       cvss: [Object]
157 silly audit report     }
157 silly audit report   ],
157 silly audit report   next: [
157 silly audit report     {
157 silly audit report       id: 1112593,
157 silly audit report       url: 'https://github.com/advisories/GHSA-9g9p-9gw9-jx7f',
157 silly audit report       title: 'Next.js self-hosted applications vulnerable to DoS via Image Optimizer remotePatterns configuration',
157 silly audit report       severity: 'moderate',
157 silly audit report       vulnerable_versions: '>=10.0.0 <15.5.10',
157 silly audit report       cwe: [Array],
157 silly audit report       cvss: [Object]
157 silly audit report     },
157 silly audit report     {
157 silly audit report       id: 1112648,
157 silly audit report       url: 'https://github.com/advisories/GHSA-h25m-26qc-wcjf',
157 silly audit report       title: 'Next.js HTTP request deserialization can lead to DoS when using insecure React Server Components',
157 silly audit report       severity: 'high',
157 silly audit report       vulnerable_versions: '>=15.5.1-canary.0 <15.5.10',
157 silly audit report       cwe: [Array],
157 silly audit report       cvss: [Object]
157 silly audit report     }
157 silly audit report   ]
157 silly audit report }
158 silly packumentCache corgi:https://registry.npmjs.org/@eslint%2fplugin-kit cache-miss
159 silly packumentCache corgi:https://registry.npmjs.org/next cache-miss
160 http fetch GET 200 https://registry.npmjs.org/next 308ms (cache miss)
161 silly packumentCache corgi:https://registry.npmjs.org/next set size:undefined disposed:false
162 http fetch GET 200 https://registry.npmjs.org/@eslint%2fplugin-kit 473ms (cache miss)
163 silly packumentCache corgi:https://registry.npmjs.org/@eslint%2fplugin-kit set size:undefined disposed:false
164 silly packumentCache corgi:https://registry.npmjs.org/eslint cache-miss
165 http fetch GET 200 https://registry.npmjs.org/eslint 47ms (cache miss)
166 silly packumentCache corgi:https://registry.npmjs.org/eslint set size:undefined disposed:false
167 silly packumentCache corgi:https://registry.npmjs.org/@eslint-community%2feslint-utils cache-miss
168 silly packumentCache corgi:https://registry.npmjs.org/@eslint%2fcompat cache-miss
169 silly packumentCache corgi:https://registry.npmjs.org/@typescript-eslint%2feslint-plugin cache-miss
170 silly packumentCache corgi:https://registry.npmjs.org/@typescript-eslint%2fparser cache-miss
171 silly packumentCache corgi:https://registry.npmjs.org/@typescript-eslint%2ftype-utils cache-miss
172 silly packumentCache corgi:https://registry.npmjs.org/@typescript-eslint%2futils cache-miss
173 silly packumentCache corgi:https://registry.npmjs.org/eslint-config-next cache-miss
174 silly packumentCache corgi:https://registry.npmjs.org/eslint-config-prettier cache-miss
175 silly packumentCache corgi:https://registry.npmjs.org/eslint-import-resolver-typescript cache-miss
176 silly packumentCache corgi:https://registry.npmjs.org/eslint-plugin-es cache-miss
177 silly packumentCache corgi:https://registry.npmjs.org/eslint-plugin-import cache-miss
178 silly packumentCache corgi:https://registry.npmjs.org/eslint-plugin-jsx-a11y cache-miss
179 silly packumentCache corgi:https://registry.npmjs.org/eslint-plugin-node cache-miss
180 silly packumentCache corgi:https://registry.npmjs.org/eslint-plugin-prettier cache-miss
181 silly packumentCache corgi:https://registry.npmjs.org/eslint-plugin-react cache-miss
182 silly packumentCache corgi:https://registry.npmjs.org/eslint-plugin-react-hooks cache-miss
183 silly packumentCache corgi:https://registry.npmjs.org/eslint-plugin-unused-imports cache-miss
184 http fetch GET 200 https://registry.npmjs.org/eslint-plugin-jsx-a11y 102ms (cache miss)
185 silly packumentCache corgi:https://registry.npmjs.org/eslint-plugin-jsx-a11y set size:undefined disposed:false
186 http fetch GET 200 https://registry.npmjs.org/eslint-plugin-node 110ms (cache miss)
187 silly packumentCache corgi:https://registry.npmjs.org/eslint-plugin-node set size:undefined disposed:false
188 http fetch GET 200 https://registry.npmjs.org/eslint-plugin-prettier 114ms (cache miss)
189 silly packumentCache corgi:https://registry.npmjs.org/eslint-plugin-prettier set size:undefined disposed:false
190 http fetch GET 200 https://registry.npmjs.org/eslint-plugin-es 123ms (cache miss)
191 silly packumentCache corgi:https://registry.npmjs.org/eslint-plugin-es set size:undefined disposed:false
192 http fetch GET 200 https://registry.npmjs.org/eslint-config-prettier 127ms (cache miss)
193 silly packumentCache corgi:https://registry.npmjs.org/eslint-config-prettier set size:undefined disposed:false
194 http fetch GET 200 https://registry.npmjs.org/eslint-plugin-import 128ms (cache miss)
195 silly packumentCache corgi:https://registry.npmjs.org/eslint-plugin-import set size:undefined disposed:false
196 http fetch GET 200 https://registry.npmjs.org/eslint-import-resolver-typescript 131ms (cache miss)
197 silly packumentCache corgi:https://registry.npmjs.org/eslint-import-resolver-typescript set size:undefined disposed:false
198 http fetch GET 200 https://registry.npmjs.org/eslint-plugin-react 167ms (cache miss)
199 silly packumentCache corgi:https://registry.npmjs.org/eslint-plugin-react set size:undefined disposed:false
200 http fetch GET 200 https://registry.npmjs.org/eslint-config-next 176ms (cache miss)
201 silly packumentCache corgi:https://registry.npmjs.org/eslint-config-next set size:undefined disposed:false
202 http fetch GET 200 https://registry.npmjs.org/@eslint-community%2feslint-utils 205ms (cache miss)
203 silly packumentCache corgi:https://registry.npmjs.org/@eslint-community%2feslint-utils set size:undefined disposed:false
204 http fetch GET 200 https://registry.npmjs.org/eslint-plugin-react-hooks 244ms (cache miss)
205 silly packumentCache corgi:https://registry.npmjs.org/eslint-plugin-react-hooks set size:undefined disposed:false
206 http fetch GET 200 https://registry.npmjs.org/@typescript-eslint%2ftype-utils 409ms (cache miss)
207 silly packumentCache corgi:https://registry.npmjs.org/@typescript-eslint%2ftype-utils set size:undefined disposed:false
208 http fetch GET 200 https://registry.npmjs.org/eslint-plugin-unused-imports 455ms (cache miss)
209 silly packumentCache corgi:https://registry.npmjs.org/eslint-plugin-unused-imports set size:undefined disposed:false
210 http fetch GET 200 https://registry.npmjs.org/@eslint%2fcompat 461ms (cache miss)
211 silly packumentCache corgi:https://registry.npmjs.org/@eslint%2fcompat set size:undefined disposed:false
212 http fetch GET 200 https://registry.npmjs.org/@typescript-eslint%2futils 463ms (cache miss)
213 silly packumentCache corgi:https://registry.npmjs.org/@typescript-eslint%2futils set size:undefined disposed:false
214 http fetch GET 200 https://registry.npmjs.org/@typescript-eslint%2fparser 689ms (cache miss)
215 silly packumentCache corgi:https://registry.npmjs.org/@typescript-eslint%2fparser set size:undefined disposed:false
216 http fetch GET 200 https://registry.npmjs.org/@typescript-eslint%2feslint-plugin 793ms (cache miss)
217 silly packumentCache corgi:https://registry.npmjs.org/@typescript-eslint%2feslint-plugin set size:undefined disposed:false
218 silly ADD
219 silly ADD
220 silly ADD
221 silly ADD
222 silly ADD
223 silly ADD
224 silly ADD
225 silly ADD
226 silly ADD
227 silly ADD
228 silly ADD
229 silly ADD
230 silly ADD
231 silly ADD
232 silly ADD
233 silly ADD
234 silly ADD
235 silly ADD
236 silly ADD
237 silly ADD
238 silly ADD
239 silly ADD
240 silly ADD
241 silly ADD
242 silly ADD
243 silly ADD
244 silly ADD
245 silly ADD
246 silly ADD
247 silly ADD
248 silly ADD
249 silly ADD
250 silly ADD
251 silly ADD
252 silly ADD
253 silly ADD
254 silly ADD
255 silly ADD
256 silly ADD
257 silly ADD
258 silly ADD
259 silly ADD
260 silly ADD
261 silly ADD
262 silly ADD
263 silly ADD
264 silly ADD
265 silly ADD
266 silly ADD
267 silly ADD
268 silly ADD
269 silly ADD
270 silly ADD
271 silly ADD
272 silly ADD
273 silly ADD
274 silly ADD
275 silly ADD
276 silly ADD
277 silly ADD
278 silly ADD
279 silly ADD
280 silly ADD
281 silly ADD
282 silly ADD
283 silly ADD
284 silly ADD
285 verbose cwd /Users/joelaposaga/ahm-app/ahm-app-frontend
286 verbose os Darwin 24.6.0
287 verbose node v22.14.0
288 verbose npm  v11.2.0
289 notice
289 notice New minor version of npm available! 11.2.0 -> 11.11.0
289 notice Changelog: https://github.com/npm/cli/releases/tag/v11.11.0
289 notice To update run: npm install -g npm@11.11.0
289 notice  { force: true, [Symbol(proc-log.meta)]: true }
290 verbose exit 0
291 info ok
